<?xml version="1.0" encoding="UTF-8"?>
<!-- Generated by org.testng.reporters.JUnitXMLReporter -->
<testsuite hostname="Snehas-MacBook-Pro.local" ignored="2" name="Test" tests="3" failures="2" timestamp="2020-09-01T09:50:04 EDT" time="8.604" errors="0">
  <testcase name="login" time="3.28" classname="Students.Login"/>
  <testcase name="addSkills" time="0.012" classname="Students.SkillsAcquisition">
    <failure type="java.lang.NullPointerException">
      <![CDATA[java.lang.NullPointerException
at java.util.Objects.requireNonNull(Objects.java:203)
at org.openqa.selenium.support.ui.FluentWait.<init>(FluentWait.java:106)
at org.openqa.selenium.support.ui.WebDriverWait.<init>(WebDriverWait.java:85)
at org.openqa.selenium.support.ui.WebDriverWait.<init>(WebDriverWait.java:45)
at Students.SkillsAcquisition.addSkills(SkillsAcquisition.java:33)
at java.util.ArrayList.forEach(ArrayList.java:1259)
... Removed 27 stack frames]]>
    </failure>
  </testcase> <!-- addSkills -->
  <testcase name="addTarget" time="3.004" classname="Students.SkillsAcquisition">
    <failure type="java.lang.NullPointerException">
      <![CDATA[java.lang.NullPointerException
at Students.SkillsAcquisition.addTarget(SkillsAcquisition.java:66)
at java.util.ArrayList.forEach(ArrayList.java:1259)
... Removed 27 stack frames]]>
    </failure>
  </testcase> <!-- addTarget -->
  <testcase name="@AfterTest terminateBrowser" time="0.0" classname="Students.BaseTest">
    <ignored/>
  </testcase> <!-- @AfterTest terminateBrowser -->
  <testcase name="@BeforeTest launchBrowser" time="0.0" classname="Students.BaseTest">
    <ignored/>
  </testcase> <!-- @BeforeTest launchBrowser -->
</testsuite> <!-- Test -->
