<?xml version="1.0" encoding="UTF-8"?>
<!-- Generated by org.testng.reporters.JUnitXMLReporter -->
<testsuite hostname="Snehas-MacBook-Pro.local" ignored="0" name="Test2" tests="3" failures="3" timestamp="2020-09-03T14:13:15 EDT" time="3.026" errors="0">
  <testcase name="@AfterTest terminateBrowser" time="0.0" classname="Students.Login">
    <failure type="java.lang.NullPointerException">
      <![CDATA[java.lang.NullPointerException
at Students.Login.terminateBrowser(Login.java:54)
... Removed 24 stack frames]]>
    </failure>
  </testcase> <!-- @AfterTest terminateBrowser -->
  <testcase name="login" time="0.001" classname="Students.Login">
    <failure type="java.lang.NullPointerException">
      <![CDATA[java.lang.NullPointerException
at Students.Login.login(Login.java:60)
at java.util.ArrayList.forEach(ArrayList.java:1259)
... Removed 27 stack frames]]>
    </failure>
  </testcase> <!-- login -->
  <testcase name="addSkills" time="0.009" classname="Students.SkillsAcquisition">
    <failure type="java.lang.NullPointerException">
      <![CDATA[java.lang.NullPointerException
at java.util.Objects.requireNonNull(Objects.java:203)
at org.openqa.selenium.support.ui.FluentWait.<init>(FluentWait.java:106)
at org.openqa.selenium.support.ui.WebDriverWait.<init>(WebDriverWait.java:85)
at org.openqa.selenium.support.ui.WebDriverWait.<init>(WebDriverWait.java:45)
at Students.SkillsAcquisition.addSkills(SkillsAcquisition.java:31)
at java.util.ArrayList.forEach(ArrayList.java:1259)
... Removed 27 stack frames]]>
    </failure>
  </testcase> <!-- addSkills -->
  <testcase name="addTarget" time="3.003" classname="Students.SkillsAcquisition">
    <failure type="java.lang.NullPointerException">
      <![CDATA[java.lang.NullPointerException
at Students.SkillsAcquisition.addTarget(SkillsAcquisition.java:65)
at java.util.ArrayList.forEach(ArrayList.java:1259)
... Removed 27 stack frames]]>
    </failure>
  </testcase> <!-- addTarget -->
</testsuite> <!-- Test2 -->
