<?xml version="1.0" encoding="UTF-8"?>
<!-- Generated by org.testng.reporters.JUnitXMLReporter -->
<testsuite hostname="Snehas-MacBook-Pro.local" ignored="0" name="Test1" tests="1" failures="1" timestamp="2020-09-03T14:13:12 EDT" time="0.034" errors="0">
  <testcase name="@AfterTest terminateBrowser" time="0.0" classname="Students.Login">
    <failure type="java.lang.NullPointerException">
      <![CDATA[java.lang.NullPointerException
at Students.Login.terminateBrowser(Login.java:54)
... Removed 24 stack frames]]>
    </failure>
  </testcase> <!-- @AfterTest terminateBrowser -->
  <testcase name="login" time="0.007" classname="Students.Login">
    <failure type="java.lang.NullPointerException">
      <![CDATA[java.lang.NullPointerException
at Students.Login.login(Login.java:60)
at java.util.ArrayList.forEach(ArrayList.java:1259)
... Removed 27 stack frames]]>
    </failure>
  </testcase> <!-- login -->
</testsuite> <!-- Test1 -->
