<?xml version="1.0" encoding="UTF-8"?>
<!-- Generated by org.testng.reporters.JUnitXMLReporter -->
<testsuite hostname="Snehas-MacBook-Pro.local" ignored="2" name="Test" tests="2" failures="0" timestamp="2020-09-28T15:58:19 EDT" time="11.759" errors="0">
  <testcase name="login" time="1.998" classname="Students.Login"/>
  <testcase name="studentselect" time="6.158" classname="Students.StudentSelection"/>
  <testcase name="@AfterTest terminateBrowser" time="0.0" classname="Students.BaseTest">
    <ignored/>
  </testcase> <!-- @AfterTest terminateBrowser -->
  <testcase name="@BeforeTest launchBrowser" time="0.0" classname="Students.BaseTest">
    <ignored/>
  </testcase> <!-- @BeforeTest launchBrowser -->
</testsuite> <!-- Test -->
